<?xml version="1.0" encoding="UTF-8"?>
<testsuite xmlns:xsi="http://www.w3.org/2001/XMLSchema-instance" xsi:noNamespaceSchemaLocation="https://maven.apache.org/surefire/maven-surefire-plugin/xsd/surefire-test-report-3.0.xsd" version="3.0" name="com.karpov.astrotgbot.AstrotgbotApplicationTests" time="2.072" tests="1" errors="0" skipped="0" failures="0">
  <properties>
[...]
</properties>
  <testcase name="contextLoads" classname="com.karpov.astrotgbot.AstrotgbotApplicationTests" time="0.677">
    <system-out><![CDATA[16:19:21.422 [main] INFO org.springframework.test.context.support.AnnotationConfigContextLoaderUtils -- Could not detect default configuration classes for test class [com.karpov.astrotgbot.AstrotgbotApplicationTests]: AstrotgbotApplicationTests does not declare any static, non-private, non-final, nested classes annotated with @Configuration.
16:19:21.499 [main] INFO org.springframework.boot.test.context.SpringBootTestContextBootstrapper -- Found @SpringBootConfiguration com.karpov.astrotgbot.AstrotgbotApplication for test class com.karpov.astrotgbot.AstrotgbotApplicationTests

  .   ____          _            __ _ _
 /\\ / ___'_ __ _ _(_)_ __  __ _ \ \ \ \
( ( )\___ | '_ | '_| | '_ \/ _` | \ \ \ \
 \\/  ___)| |_)| | | | | || (_| |  ) ) ) )
  '  |____| .__|_| |_|_| |_\__, | / / / /
 =========|_|==============|___/=/_/_/_/
 :: Spring Boot ::                (v3.1.0)

2023-06-14T16:19:21.809+04:00  INFO 59852 --- [           main] c.k.a.AstrotgbotApplicationTests         : Starting AstrotgbotApplicationTests using Java 17.0.2 with PID 59852 (started by SpasatelMalibu in C:\java\github\astrotgbot)
2023-06-14T16:19:21.810+04:00  INFO 59852 --- [           main] c.k.a.AstrotgbotApplicationTests         : No active profile set, falling back to 1 default profile: "default"
2023-06-14T16:19:22.682+04:00  INFO 59852 --- [           main] c.k.a.AstrotgbotApplicationTests         : Started AstrotgbotApplicationTests in 1.067 seconds (process running for 1.782)
]]></system-out>
  </testcase>
</testsuite>